
xv6 kernel is booting

hart 2 starting
hart 1 starting
init: starting sh
$ pingpong 10 & ; pingpong 10 & ; pingpong 20 ; echo DONE
ping
pi	npgo
ng
	pppiinngg

on		ppgo
nogng

pippinnign
gg

		p	opnognpgo
n
gp
inpgp
ini	gp
onn	gp
ong	
pgo
pnig
nppgi
inn	gpgo
ng

		ppoonngg
pi
pinngp
ign
g		ppoonngg


ppinig	npgo
n	
gp
ong	pp
oipnign
nggp
in
	p	go
npgon	
pg
opnigp
innpgi
gn
g
			ppoonngg

pppiionngg

n		gp
opnpgi
nogng

	pponign
gp
ing	p
on	gpo
npgi
ngp
i	npg
ong	
ppoinngg

	pong
ping
	pong
ping
	pong
ping
	pong
ping
	pong
ping
	pong
ping
	pong
ping
	pong
ping
	pong
DONE
$ qemu-system-riscv64: terminating on signal 15 from pid 28717 (make)
